<?xml version="1.0" encoding="UTF-8"?>
<!-- Generated by org.testng.reporters.JUnitReportReporter -->
<testsuite hostname="PC2496" name="automationFramework.Login_TC_TestNG" tests="1" failures="0" timestamp="3 Apr 2017 10:12:04 GMT" time="4.936" errors="0">
  <testcase name="Login" time="4.936" classname="automationFramework.Login_TC_TestNG"/>
</testsuite> <!-- automationFramework.Login_TC_TestNG -->
