<?xml version="1.0" encoding="UTF-8"?>
<!-- Generated by org.testng.reporters.JUnitReportReporter -->
<testsuite hostname="PC2496" name="automationFramework.TestNG_Framework" tests="1" failures="0" timestamp="4 Apr 2017 08:46:41 GMT" time="36.324" errors="0">
  <testcase name="Test" time="36.324" classname="automationFramework.TestNG_Framework"/>
</testsuite> <!-- automationFramework.TestNG_Framework -->
