<?xml version="1.0" encoding="UTF-8"?>
<!-- Generated by org.testng.reporters.JUnitReportReporter -->
<testsuite hostname="PC2496" name="automationFramework.Global_Var_TC" tests="1" failures="0" timestamp="3 Apr 2017 11:39:58 GMT" time="4.705" errors="0">
  <testcase name="TestCase" time="4.705" classname="automationFramework.Global_Var_TC"/>
</testsuite> <!-- automationFramework.Global_Var_TC -->
