<?xml version="1.0" encoding="UTF-8"?>
<!-- Generated by org.testng.reporters.JUnitReportReporter -->
<testsuite hostname="PC2496" name="automationFramework.Module_TC" tests="1" failures="0" timestamp="3 Apr 2017 10:15:56 GMT" time="6.323" errors="0">
  <testcase name="TestCase1" time="6.323" classname="automationFramework.Module_TC"/>
</testsuite> <!-- automationFramework.Module_TC -->
