<?xml version="1.0" encoding="UTF-8"?>
<!-- Generated by org.testng.reporters.JUnitReportReporter -->
<testsuite hostname="PC2496" name="automationFramework.Module_Param_TC" tests="1" failures="0" timestamp="3 Apr 2017 11:35:16 GMT" time="11.905" errors="0">
  <testcase name="TestCase1" time="11.905" classname="automationFramework.Module_Param_TC"/>
</testsuite> <!-- automationFramework.Module_Param_TC -->
